2024-12-27 10:44:50,902 - INFO - Processing images for event_id: 3, Total images: 1
2024-12-27 10:44:50,906 - INFO - Processing image: DSC_5700.JPG
2024-12-27 10:44:56,862 - INFO - Processing completed for event_id: 3
2024-12-30 12:41:45,036 - INFO - Processing image: C:\Users\itsni\Desktop\images\DSC_4954.JPG
2024-12-30 12:41:50,644 - INFO - Processing image: C:\Users\itsni\Desktop\images\DSC_4958.JPG
2024-12-30 12:42:07,992 - INFO - Processing image: C:\Users\itsni\Desktop\images\DSC_5005.JPG
2024-12-30 12:42:20,374 - INFO - Processing image: C:\Users\itsni\Desktop\images\DSC_5036.JPG
2024-12-30 12:42:27,843 - INFO - Processing image: C:\Users\itsni\Desktop\images\DSC_5040.JPG
2024-12-30 12:42:50,700 - INFO - Processing image: C:\Users\itsni\Desktop\images\DSC_5052.JPG
2024-12-30 12:43:04,392 - INFO - Processing image: C:\Users\itsni\Desktop\images\DSC_5068.JPG
2024-12-30 12:43:35,492 - INFO - Processing image: C:\Users\itsni\Desktop\images\DSC_5070.JPG
2024-12-30 12:43:57,669 - INFO - Processing image: C:\Users\itsni\Desktop\images\DSC_5074.JPG
2024-12-30 12:44:36,215 - INFO - Processing image: C:\Users\itsni\Desktop\images\DSC_5075.JPG
2024-12-30 12:44:51,254 - INFO - Processing image: C:\Users\itsni\Desktop\images\DSC_5099.JPG
2024-12-30 12:45:09,032 - INFO - Processing image: C:\Users\itsni\Desktop\images\DSC_5101.JPG
2024-12-30 12:45:34,877 - INFO - Processing image: C:\Users\itsni\Desktop\images\DSC_5112.JPG
2024-12-30 12:45:54,150 - INFO - Processing image: C:\Users\itsni\Desktop\images\DSC_5117 - Copy.JPG
2024-12-30 12:46:12,119 - INFO - Processing image: C:\Users\itsni\Desktop\images\DSC_5117.JPG
2024-12-30 12:46:28,534 - INFO - Processing image: C:\Users\itsni\Desktop\images\DSC_5213.JPG
2024-12-30 12:46:51,374 - INFO - Processing image: C:\Users\itsni\Desktop\images\DSC_5216 - Copy.JPG
2024-12-30 12:47:28,583 - INFO - Processing image: C:\Users\itsni\Desktop\images\DSC_5216.JPG
2024-12-30 12:48:05,287 - INFO - Processing image: C:\Users\itsni\Desktop\images\DSC_5233.JPG
2024-12-30 12:48:17,674 - INFO - Processing image: C:\Users\itsni\Desktop\images\DSC_5238.JPG
2024-12-30 12:48:50,744 - INFO - Processing image: C:\Users\itsni\Desktop\images\DSC_5239.JPG
2024-12-30 12:49:34,467 - INFO - Processing image: C:\Users\itsni\Desktop\images\DSC_5252.JPG
2024-12-30 12:49:43,234 - INFO - Processing image: C:\Users\itsni\Desktop\images\DSC_5290.JPG
2024-12-30 12:49:52,071 - INFO - Processing image: C:\Users\itsni\Desktop\images\DSC_5298.JPG
2024-12-30 12:50:00,893 - INFO - Processing image: C:\Users\itsni\Desktop\images\DSC_5300.JPG
2024-12-30 12:50:09,692 - INFO - Processing image: C:\Users\itsni\Desktop\images\DSC_5301.JPG
2024-12-30 12:50:22,143 - INFO - Processing image: C:\Users\itsni\Desktop\images\DSC_5325.JPG
2024-12-30 12:50:30,982 - INFO - Processing image: C:\Users\itsni\Desktop\images\DSC_5362.JPG
2024-12-30 12:51:20,605 - INFO - Processing image: C:\Users\itsni\Desktop\images\DSC_5407.JPG
2024-12-30 12:51:25,925 - INFO - Processing image: C:\Users\itsni\Desktop\images\DSC_5408.JPG
2024-12-30 12:51:41,664 - INFO - Processing image: C:\Users\itsni\Desktop\images\DSC_5524.JPG
2024-12-30 12:51:50,524 - INFO - Processing image: C:\Users\itsni\Desktop\images\DSC_5559.JPG
2024-12-30 12:52:10,732 - INFO - Processing image: C:\Users\itsni\Desktop\images\DSC_5593.JPG
2024-12-30 12:52:32,053 - INFO - Processing image: C:\Users\itsni\Desktop\images\DSC_5656.JPG
2024-12-30 12:52:41,320 - INFO - Processing image: C:\Users\itsni\Desktop\images\DSC_5658.JPG
2024-12-30 12:52:50,382 - INFO - Processing image: C:\Users\itsni\Desktop\images\DSC_5661.JPG
2024-12-30 12:52:56,010 - INFO - Processing image: C:\Users\itsni\Desktop\images\DSC_5687.JPG
2024-12-30 12:53:05,192 - INFO - Processing image: C:\Users\itsni\Desktop\images\DSC_5698.JPG
2024-12-30 12:53:10,506 - INFO - Processing image: C:\Users\itsni\Desktop\images\DSC_5700.JPG
2024-12-30 12:53:15,862 - INFO - Processing image: C:\Users\itsni\Desktop\images\DSC_5746.JPG
2024-12-30 12:53:28,105 - INFO - Processing image: C:\Users\itsni\Desktop\images\DSC_5755.JPG
2024-12-30 12:53:44,093 - INFO - Processing image: C:\Users\itsni\Desktop\images\DSC_5757.JPG
2024-12-30 12:53:56,446 - INFO - Processing image: C:\Users\itsni\Desktop\images\DSC_5781.JPG
2024-12-30 12:54:35,800 - INFO - Processing completed for the local folder.
